<<<<<<< HEAD
﻿La génération a démarré 04/01/2013 12:35:47.
     1>Projet "C:\Users\msi\Documents\GitHub\ProjetPoo\Civilization\CivilizationWrapper\CivilizationWrapper.vcxproj" sur le nœud 3 (build cible(s)).
=======
﻿Build started 04/01/2013 10:51:18.
     1>Project "D:\PROJET\Dev\ProjetPoo\Civilization\CivilizationWrapper\CivilizationWrapper.vcxproj" on node 2 (build target(s)).
>>>>>>> aceltis
     1>InitializeBuildStatus:
         Creating "Debug\CivilizationWrapper.unsuccessfulbuild" because "AlwaysCreate" was specified.
       GenerateTargetFrameworkMonikerAttribute:
       Skipping target "GenerateTargetFrameworkMonikerAttribute" because all output files are up-to-date with respect to the input files.
       ClCompile:
         All outputs are up-to-date.
         All outputs are up-to-date.
       Link:
         All outputs are up-to-date.
         CivilizationWrapper.vcxproj -> D:\PROJET\Dev\ProjetPoo\Civilization\Debug\CivilizationWrapper.dll
       FinalizeBuildStatus:
         Deleting file "Debug\CivilizationWrapper.unsuccessfulbuild".
         Touching "Debug\CivilizationWrapper.lastbuildstate".
     1>Done Building Project "D:\PROJET\Dev\ProjetPoo\Civilization\CivilizationWrapper\CivilizationWrapper.vcxproj" (build target(s)).

Build succeeded.

<<<<<<< HEAD
Temps écoulé 00:00:00.86
=======
Time Elapsed 00:00:00.13
>>>>>>> aceltis
