La génération a démarré 28/11/2012 11:27:05.
     1>Projet "H:\Documents\Nouveau dossier\ProjetPoo\ModelingProjectNew\wrapper\wrapper.vcxproj" sur le nœud 3 (rebuild cible(s)).
     1>_PrepareForClean:
         Suppression du fichier "Debug\wrapper.lastbuildstate".
       InitializeBuildStatus:
         Création de "Debug\wrapper.unsuccessfulbuild", car "AlwaysCreate" a été spécifié.
       GenerateTargetFrameworkMonikerAttribute:
       La cible est ignorée "GenerateTargetFrameworkMonikerAttribute", car tous les fichiers de sortie sont à jour par rapport aux fichiers d'entrée.
       ClCompile:
         C:\Program Files (x86)\Microsoft Visual Studio 10.0\VC\bin\CL.exe /c /AI"C:\Program Files (x86)\Reference Assemblies\Microsoft\Framework\.NETFramework\v4.0" /Zi /clr /nologo /W3 /WX- /Od /Oy- /D WIN32 /D _DEBUG /D _WINDLL /D _UNICODE /D UNICODE /EHa /MDd /GS /fp:precise /Zc:wchar_t /Zc:forScope /Fo"Debug\\" /Fd"Debug\vc100.pdb" /TP /analyze- /errorReport:prompt Wrapper.cpp /clr:nostdlib 
         Wrapper.cpp
         C:\Program Files (x86)\Microsoft Visual Studio 10.0\VC\bin\CL.exe /c /Zi /clr /nologo /W3 /WX- /Od /Oy- /D WIN32 /D _DEBUG /D _WINDLL /D _UNICODE /D UNICODE /EHa /MDd /GS /fp:precise /Zc:wchar_t /Zc:forScope /Fo"Debug\\" /Fd"Debug\vc100.pdb" /TP /analyze- /errorReport:prompt "C:\Users\abrunela\AppData\Local\Temp\.NETFramework,Version=v4.0.AssemblyAttributes.cpp"
         .NETFramework,Version=v4.0.AssemblyAttributes.cpp
       Link:
         C:\Program Files (x86)\Microsoft Visual Studio 10.0\VC\bin\link.exe /ERRORREPORT:PROMPT /OUT:"H:\Documents\Nouveau dossier\ProjetPoo\ModelingProjectNew\Debug\wrapper.dll" /INCREMENTAL /NOLOGO /MANIFEST /ManifestFile:"Debug\wrapper.dll.intermediate.manifest" /MANIFESTUAC:"level='asInvoker' uiAccess='false'" /DEBUG /PDB:"H:\Documents\Nouveau dossier\ProjetPoo\ModelingProjectNew\Debug\wrapper.pdb" /ASSEMBLYDEBUG /TLBID:1 /DYNAMICBASE /FIXED:NO /NXCOMPAT /MACHINE:X86 /DLL Debug\Wrapper.obj
         "Debug\.NETFramework,Version=v4.0.AssemblyAttributes.obj"
         wrapper.vcxproj -> H:\Documents\Nouveau dossier\ProjetPoo\ModelingProjectNew\Debug\wrapper.dll
       Manifest:
         C:\Program Files (x86)\Microsoft SDKs\Windows\v7.0A\bin\mt.exe /nologo /verbose /outputresource:"H:\Documents\Nouveau dossier\ProjetPoo\ModelingProjectNew\Debug\wrapper.dll;#2" /manifest Debug\wrapper.dll.intermediate.manifest
       FinalizeBuildStatus:
         Suppression du fichier "Debug\wrapper.unsuccessfulbuild".
         Mise à jour de l'horodatage "Debug\wrapper.lastbuildstate".
     1>Génération du projet "H:\Documents\Nouveau dossier\ProjetPoo\ModelingProjectNew\wrapper\wrapper.vcxproj" terminée (rebuild cible(s)).

La génération a réussi.

Temps écoulé 00:00:02.89
