La génération a démarré 30/12/2012 13:49:38.
     1>Projet "C:\Users\msi\Documents\GitHub\ProjetPoo\Civilization\CivilizationAlgo\CivilizationAlgo.vcxproj" sur le nœud 2 (rebuild cible(s)).
     1>_PrepareForClean:
         Suppression du fichier "Debug\CivilizationAlgo.lastbuildstate".
       InitializeBuildStatus:
         Création de "Debug\CivilizationAlgo.unsuccessfulbuild", car "AlwaysCreate" a été spécifié.
       ClCompile:
         c:\Program Files (x86)\Microsoft Visual Studio 10.0\VC\bin\CL.exe /c /ZI /nologo /W3 /WX- /Od /Oy- /D CODE_ANALYSIS /D _MBCS /Gm /EHsc /RTC1 /MDd /GS /fp:precise /Zc:wchar_t /Zc:forScope /Fo"Debug\\" /Fd"Debug\vc100.pdb" /Gd /TP /analyze /errorReport:prompt main.cpp mapalgo.cpp
         mapalgo.cpp
     1>c:\users\msi\documents\github\projetpoo\civilization\civilizationalgo\mapalgo.cpp(15): warning C4244: 'argument' : conversion de 'time_t' en 'unsigned int', perte possible de données
     1>c:\users\msi\documents\github\projetpoo\civilization\civilizationalgo\mapalgo.cpp(44): warning C4244: 'argument' : conversion de 'time_t' en 'unsigned int', perte possible de données
         main.cpp
         Analyse du code en cours pour C/C++...
     1>c:\users\msi\documents\github\projetpoo\civilization\civilizationalgo\mapalgo.cpp(10): warning C6211: Mémoire 'smallMap' manquante liée à une exception. Utilisez un bloc catch local pour nettoyer la mémoire: Lines: 9, 10, 11, 12
     1>c:\users\msi\documents\github\projetpoo\civilization\civilizationalgo\mapalgo.cpp(12): warning C6211: Mémoire 'smallMap[2]' manquante liée à une exception. Utilisez un bloc catch local pour nettoyer la mémoire: Lines: 9, 10, 11, 12, 11, 12, 11, 12, 11, 15, 17, 18
     1>c:\users\msi\documents\github\projetpoo\civilization\civilizationalgo\mapalgo.cpp(18): warning C6211: Mémoire 'map' manquante liée à une exception. Utilisez un bloc catch local pour nettoyer la mémoire: Lines: 9, 10, 11, 12, 11, 12, 11, 12, 11, 15, 17, 18, 19, 20
     1>c:\users\msi\documents\github\projetpoo\civilization\civilizationalgo\mapalgo.cpp(39): warning C6211: Mémoire 'mediumMap' manquante liée à une exception. Utilisez un bloc catch local pour nettoyer la mémoire: Lines: 38, 39, 40, 41
     1>c:\users\msi\documents\github\projetpoo\civilization\civilizationalgo\mapalgo.cpp(41): warning C6211: Mémoire 'mediumMap[2]' manquante liée à une exception. Utilisez un bloc catch local pour nettoyer la mémoire: Lines: 38, 39, 40, 41, 40, 41, 40, 41, 40, 44, 46, 47
     1>c:\users\msi\documents\github\projetpoo\civilization\civilizationalgo\mapalgo.cpp(47): warning C6211: Mémoire 'map' manquante liée à une exception. Utilisez un bloc catch local pour nettoyer la mémoire: Lines: 38, 39, 40, 41, 40, 41, 40, 41, 40, 44, 46, 47, 48, 49
         Génération de code en cours...
       Lib:
         c:\Program Files (x86)\Microsoft Visual Studio 10.0\VC\bin\Lib.exe /OUT:"C:\Users\msi\Documents\GitHub\ProjetPoo\Civilization\Debug\CivilizationAlgo.lib" /NOLOGO Debug\main.obj
         Debug\mapalgo.obj
         CivilizationAlgo.vcxproj -> C:\Users\msi\Documents\GitHub\ProjetPoo\Civilization\Debug\CivilizationAlgo.lib
       RunCodeAnalysis:
         Analyse du code en cours...
         C:\Program Files (x86)\Microsoft Visual Studio 10.0\Team Tools\Static Analysis Tools\FxCop\FxCopCmd.exe  /outputCulture:1036 /out:"C:\Users\msi\Documents\GitHub\ProjetPoo\Civilization\Debug\CivilizationAlgo.lib.CodeAnalysisLog.xml" /file:"C:\Users\msi\Documents\GitHub\ProjetPoo\Civilization\Debug\CivilizationAlgo.lib" /reference:"C:\Users\msi\Documents\GitHub\ProjetPoo\Civilization\CivilizationLib\bin\Debug\CivilizationLib.dll" /reference:"C:\Program Files (x86)\Reference Assemblies\Microsoft\Framework\.NETFramework\v4.0\System.Core.dll" /directory:"C:\Program Files (x86)\Reference Assemblies\Microsoft\Framework\.NETFramework\v4.0" /directory:"C:\Users\msi\Documents\GitHub\ProjetPoo\Civilization\CivilizationLib\bin\Debug" /ruleSet:"=MinimumRecommendedRules.ruleset" /rulesetdirectory:"C:\Program Files (x86)\Microsoft Visual Studio 10.0\Team Tools\Static Analysis Tools\\Rule Sets" /rule:"-C:\Program Files (x86)\Microsoft Visual Studio 10.0\Team Tools\Static Analysis Tools\FxCop\\Rules" /searchgac /ignoreinvalidtargets /forceoutput /successfile /ignoregeneratedcode /saveMessagesToReport:Active /timeout:120 
         Analyse du code terminée -- 0 erreur(s), 0 avertissement(s)
       _CopyFilesMarkedCopyLocal:
         Copie du fichier de "C:\Users\msi\Documents\GitHub\ProjetPoo\Civilization\CivilizationLib\bin\Debug\CivilizationLib.dll" vers "C:\Users\msi\Documents\GitHub\ProjetPoo\Civilization\Debug\CivilizationLib.dll".
         Copie du fichier de "C:\Users\msi\Documents\GitHub\ProjetPoo\Civilization\CivilizationLib\bin\Debug\CivilizationLib.pdb" vers "C:\Users\msi\Documents\GitHub\ProjetPoo\Civilization\Debug\CivilizationLib.pdb".
       FinalizeBuildStatus:
         Suppression du fichier "Debug\CivilizationAlgo.unsuccessfulbuild".
         Mise à jour de l'horodatage "Debug\CivilizationAlgo.lastbuildstate".
     1>Génération du projet "C:\Users\msi\Documents\GitHub\ProjetPoo\Civilization\CivilizationAlgo\CivilizationAlgo.vcxproj" terminée (rebuild cible(s)).

La génération a réussi.

Temps écoulé 00:00:04.67
